<?xml version="1.0" encoding="UTF-8"?>
<!-- Generated by org.testng.reporters.JUnitReportReporter -->
<testsuite hostname="ATMECSINLT-744" failures="0" tests="1" name="api_json_parse_practice.Test_API_JSON_Parse" time="0.021" errors="0" timestamp="18 May 2020 14:57:12 GMT" skipped="0">
  <testcase classname="api_json_parse_practice.Test_API_JSON_Parse" name="getJsonKeysAndValues" time="0.021"/>
</testsuite> <!-- api_json_parse_practice.Test_API_JSON_Parse -->
