<?xml version="1.0" encoding="UTF-8"?>
<!-- Generated by org.testng.reporters.JUnitReportReporter -->
<testsuite hostname="ATMECSINLT-744" failures="0" tests="1" name="api_json_parse_practice.TestAPIJSONParse" time="0.027" errors="0" timestamp="18 May 2020 15:38:42 GMT" skipped="0">
  <testcase classname="api_json_parse_practice.TestAPIJSONParse" name="getJsonKeysAndValues" time="0.027"/>
</testsuite> <!-- api_json_parse_practice.TestAPIJSONParse -->
