<?xml version="1.0" encoding="UTF-8"?>
<!-- Generated by org.testng.reporters.JUnitReportReporter -->
<testsuite hostname="ATMECSINLT-744" failures="0" tests="1" name="com.atmecs.practice.automation.testscripts.bdd.SampleBDDExample" time="0.025" errors="0" timestamp="22 May 2020 02:06:22 GMT" skipped="0">
  <testcase classname="com.atmecs.practice.automation.testscripts.bdd.SampleBDDExample" name="performMobileNoValidations" time="0.025"/>
</testsuite> <!-- com.atmecs.practice.automation.testscripts.bdd.SampleBDDExample -->
