<?xml version="1.0" encoding="UTF-8"?>
<!-- Generated by org.testng.reporters.JUnitReportReporter -->
<testsuite hostname="ATMECSINLT-744" failures="0" tests="1" name="com.atmecs.practice.automation.testscripts.builder.test.TestBuilderPattern" time="0.020" errors="0" timestamp="22 May 2020 03:22:38 GMT" skipped="0">
  <testcase classname="com.atmecs.practice.automation.testscripts.builder.test.TestBuilderPattern" name="execute" time="0.020"/>
</testsuite> <!-- com.atmecs.practice.automation.testscripts.builder.test.TestBuilderPattern -->
