<?xml version="1.0" encoding="UTF-8"?>
<!-- Generated by org.testng.reporters.JUnitReportReporter -->
<testsuite hostname="ATMECSINLT-744" failures="0" tests="1" name="com.atmecs.practice.automation.testscripts.SampleTDDExample" time="0.024" errors="0" timestamp="22 May 2020 02:37:40 GMT" skipped="0">
  <testcase classname="com.atmecs.practice.automation.testscripts.SampleTDDExample" name="pswdValidations" time="0.024"/>
</testsuite> <!-- com.atmecs.practice.automation.testscripts.SampleTDDExample -->
