<?xml version="1.0" encoding="UTF-8"?>
<!-- Generated by org.testng.reporters.JUnitReportReporter -->
<testsuite hostname="ATMECSINLT-744" failures="0" tests="1" name="com.atmecs.practice.automation.testscripts.FetchEmployeeDetailsUsingJsonPath" time="0.106" errors="0" timestamp="21 May 2020 21:18:03 GMT" skipped="0">
  <testcase classname="com.atmecs.practice.automation.testscripts.FetchEmployeeDetailsUsingJsonPath" name="getProgrammingSkills" time="0.106"/>
</testsuite> <!-- com.atmecs.practice.automation.testscripts.FetchEmployeeDetailsUsingJsonPath -->
