<?xml version="1.0" encoding="UTF-8"?>
<!-- Generated by org.testng.reporters.JUnitReportReporter -->
<testsuite hostname="ATMECSINLT-744" failures="0" tests="7" name="com.atmecs.practice.automation.testscripts.GetAtmecsEmployeeDetails" time="0.155" errors="0" timestamp="22 May 2020 00:14:06 GMT" skipped="0">
  <testcase classname="com.atmecs.practice.automation.testscripts.GetAtmecsEmployeeDetails" name="companyMajorDetails" time="0.095"/>
  <testcase classname="com.atmecs.practice.automation.testscripts.GetAtmecsEmployeeDetails" name="branchesInfo" time="0.004"/>
  <testcase classname="com.atmecs.practice.automation.testscripts.GetAtmecsEmployeeDetails" name="empInfo" time="0.007"/>
  <testcase classname="com.atmecs.practice.automation.testscripts.GetAtmecsEmployeeDetails" name="empPersonalInfo" time="0.013"/>
  <testcase classname="com.atmecs.practice.automation.testscripts.GetAtmecsEmployeeDetails" name="empProfessionalInfo" time="0.003"/>
  <testcase classname="com.atmecs.practice.automation.testscripts.GetAtmecsEmployeeDetails" name="empProgrammingSkills" time="0.005"/>
  <testcase classname="com.atmecs.practice.automation.testscripts.GetAtmecsEmployeeDetails" name="empHomeNo" time="0.028"/>
</testsuite> <!-- com.atmecs.practice.automation.testscripts.GetAtmecsEmployeeDetails -->
